<?xml version="1.0" encoding="UTF-8"?>
<!-- Generated by org.testng.reporters.JUnitReportReporter -->
<testsuite hostname="DESKTOP-C6IBOPQ" failures="0" tests="1" name="com.AcharyaUniversity_ERP.Testcase.JobApplication_Univesity_Test" time="52.625" errors="0" timestamp="2024-04-30T18:11:54 IST" skipped="0">
  <testcase classname="com.AcharyaUniversity_ERP.Testcase.JobApplication_Univesity_Test" name="jobapplication" time="52.625"/>
  <system-out/>
</testsuite> <!-- com.AcharyaUniversity_ERP.Testcase.JobApplication_Univesity_Test -->
