<?xml version="1.0" encoding="UTF-8"?>
<!-- Generated by org.testng.reporters.JUnitReportReporter -->
<testsuite hostname="DESKTOP-C6IBOPQ" failures="0" tests="1" name="com.AcharyaUniversity_ERP.Testcase.LoginFunctionality_Univesity_Test" time="12.179" errors="0" timestamp="2024-04-02T12:16:44 IST" skipped="0">
  <testcase classname="com.AcharyaUniversity_ERP.Testcase.LoginFunctionality_Univesity_Test" name="logintes" time="12.179"/>
  <system-out/>
</testsuite> <!-- com.AcharyaUniversity_ERP.Testcase.LoginFunctionality_Univesity_Test -->
